This is pdfTeX, Version 3.14159265-2.6-1.40.19 (MiKTeX 2.9.6840 64-bit) (preloaded format=pdflatex 2018.10.5)  7 NOV 2018 16:44
entering extended mode
**./tridiagonal-case.tex
(tridiagonal-case.tex
LaTeX2e <2018-04-01> patch level 5

("C:\Users\Jan-Eric Sulzbach\AppData\Local\Programs\MiKTeX 2.9\tex\latex\base\r
eport.cls"
Document Class: report 2014/09/29 v1.4h Standard LaTeX document class

("C:\Users\Jan-Eric Sulzbach\AppData\Local\Programs\MiKTeX 2.9\tex\latex\base\s
ize10.clo"
File: size10.clo 2014/09/29 v1.4h Standard LaTeX file (size option)
)
\c@part=\count80
\c@chapter=\count81
\c@section=\count82
\c@subsection=\count83
\c@subsubsection=\count84
\c@paragraph=\count85
\c@subparagraph=\count86
\c@figure=\count87
\c@table=\count88
\abovecaptionskip=\skip41
\belowcaptionskip=\skip42
\bibindent=\dimen102
)
("C:\Users\Jan-Eric Sulzbach\AppData\Local\Programs\MiKTeX 2.9\tex\latex\base\i
nputenc.sty"
Package: inputenc 2018/04/06 v1.3b Input encoding file
\inpenc@prehook=\toks14
\inpenc@posthook=\toks15
)
("C:\Users\Jan-Eric Sulzbach\AppData\Local\Programs\MiKTeX 2.9\tex\latex\amscls
\amsthm.sty"
Package: amsthm 2017/10/31 v2.20.4
\thm@style=\toks16
\thm@bodyfont=\toks17
\thm@headfont=\toks18
\thm@notefont=\toks19
\thm@headpunct=\toks20
\thm@preskip=\skip43
\thm@postskip=\skip44
\thm@headsep=\skip45
\dth@everypar=\toks21
)
("C:\Users\Jan-Eric Sulzbach\AppData\Local\Programs\MiKTeX 2.9\tex\latex\amsmat
h\amsmath.sty"
Package: amsmath 2017/09/02 v2.17a AMS math features
\@mathmargin=\skip46

For additional information on amsmath, use the `?' option.

("C:\Users\Jan-Eric Sulzbach\AppData\Local\Programs\MiKTeX 2.9\tex\latex\amsmat
h\amstext.sty"
Package: amstext 2000/06/29 v2.01 AMS text

("C:\Users\Jan-Eric Sulzbach\AppData\Local\Programs\MiKTeX 2.9\tex\latex\amsmat
h\amsgen.sty"
File: amsgen.sty 1999/11/30 v2.0 generic functions
\@emptytoks=\toks22
\ex@=\dimen103
))
("C:\Users\Jan-Eric Sulzbach\AppData\Local\Programs\MiKTeX 2.9\tex\latex\amsmat
h\amsbsy.sty"
Package: amsbsy 1999/11/29 v1.2d Bold Symbols
\pmbraise@=\dimen104
)
("C:\Users\Jan-Eric Sulzbach\AppData\Local\Programs\MiKTeX 2.9\tex\latex\amsmat
h\amsopn.sty"
Package: amsopn 2016/03/08 v2.02 operator names
)
\inf@bad=\count89
LaTeX Info: Redefining \frac on input line 213.
\uproot@=\count90
\leftroot@=\count91
LaTeX Info: Redefining \overline on input line 375.
\classnum@=\count92
\DOTSCASE@=\count93
LaTeX Info: Redefining \ldots on input line 472.
LaTeX Info: Redefining \dots on input line 475.
LaTeX Info: Redefining \cdots on input line 596.
\Mathstrutbox@=\box26
\strutbox@=\box27
\big@size=\dimen105
LaTeX Font Info:    Redeclaring font encoding OML on input line 712.
LaTeX Font Info:    Redeclaring font encoding OMS on input line 713.
\macc@depth=\count94
\c@MaxMatrixCols=\count95
\dotsspace@=\muskip10
\c@parentequation=\count96
\dspbrk@lvl=\count97
\tag@help=\toks23
\row@=\count98
\column@=\count99
\maxfields@=\count100
\andhelp@=\toks24
\eqnshift@=\dimen106
\alignsep@=\dimen107
\tagshift@=\dimen108
\tagwidth@=\dimen109
\totwidth@=\dimen110
\lineht@=\dimen111
\@envbody=\toks25
\multlinegap=\skip47
\multlinetaggap=\skip48
\mathdisplay@stack=\toks26
LaTeX Info: Redefining \[ on input line 2817.
LaTeX Info: Redefining \] on input line 2818.
)
("C:\Users\Jan-Eric Sulzbach\AppData\Local\Programs\MiKTeX 2.9\tex\latex\mathto
ols\mathtools.sty"
Package: mathtools 2018/01/08 v1.21 mathematical typesetting tools

("C:\Users\Jan-Eric Sulzbach\AppData\Local\Programs\MiKTeX 2.9\tex\latex\graphi
cs\keyval.sty"
Package: keyval 2014/10/28 v1.15 key=value parser (DPC)
\KV@toks@=\toks27
)
("C:\Users\Jan-Eric Sulzbach\AppData\Local\Programs\MiKTeX 2.9\tex\latex\tools\
calc.sty"
Package: calc 2017/05/25 v4.3 Infix arithmetic (KKT,FJ)
\calc@Acount=\count101
\calc@Bcount=\count102
\calc@Adimen=\dimen112
\calc@Bdimen=\dimen113
\calc@Askip=\skip49
\calc@Bskip=\skip50
LaTeX Info: Redefining \setlength on input line 80.
LaTeX Info: Redefining \addtolength on input line 81.
\calc@Ccount=\count103
\calc@Cskip=\skip51
)
("C:\Users\Jan-Eric Sulzbach\AppData\Local\Programs\MiKTeX 2.9\tex\latex\mathto
ols\mhsetup.sty"
Package: mhsetup 2017/03/31 v1.3 programming setup (MH)
)
LaTeX Info: Thecontrolsequence`\('isalreadyrobust on input line 129.
LaTeX Info: Thecontrolsequence`\)'isalreadyrobust on input line 129.
LaTeX Info: Thecontrolsequence`\['isalreadyrobust on input line 129.
LaTeX Info: Thecontrolsequence`\]'isalreadyrobust on input line 129.
\g_MT_multlinerow_int=\count104
\l_MT_multwidth_dim=\dimen114
\origjot=\skip52
\l_MT_shortvdotswithinadjustabove_dim=\dimen115
\l_MT_shortvdotswithinadjustbelow_dim=\dimen116
\l_MT_above_intertext_sep=\dimen117
\l_MT_below_intertext_sep=\dimen118
\l_MT_above_shortintertext_sep=\dimen119
\l_MT_below_shortintertext_sep=\dimen120
)
("C:\Users\Jan-Eric Sulzbach\AppData\Local\Programs\MiKTeX 2.9\tex\latex\amsfon
ts\amsfonts.sty"
Package: amsfonts 2013/01/14 v3.01 Basic AMSFonts support
\symAMSa=\mathgroup4
\symAMSb=\mathgroup5
LaTeX Font Info:    Overwriting math alphabet `\mathfrak' in version `bold'
(Font)                  U/euf/m/n --> U/euf/b/n on input line 106.
)
("C:\Users\Jan-Eric Sulzbach\AppData\Local\Programs\MiKTeX 2.9\tex\latex\amsfon
ts\amssymb.sty"
Package: amssymb 2013/01/14 v3.01 AMS font symbols
)
("C:\Users\Jan-Eric Sulzbach\AppData\Local\Programs\MiKTeX 2.9\tex\latex\graphi
cs\graphicx.sty"
Package: graphicx 2017/06/01 v1.1a Enhanced LaTeX Graphics (DPC,SPQR)

("C:\Users\Jan-Eric Sulzbach\AppData\Local\Programs\MiKTeX 2.9\tex\latex\graphi
cs\graphics.sty"
Package: graphics 2017/06/25 v1.2c Standard LaTeX Graphics (DPC,SPQR)

("C:\Users\Jan-Eric Sulzbach\AppData\Local\Programs\MiKTeX 2.9\tex\latex\graphi
cs\trig.sty"
Package: trig 2016/01/03 v1.10 sin cos tan (DPC)
)
("C:\Users\Jan-Eric Sulzbach\AppData\Local\Programs\MiKTeX 2.9\tex\latex\graphi
cs-cfg\graphics.cfg"
File: graphics.cfg 2016/06/04 v1.11 sample graphics configuration
)
Package graphics Info: Driver file: pdftex.def on input line 99.

("C:\Users\Jan-Eric Sulzbach\AppData\Local\Programs\MiKTeX 2.9\tex\latex\graphi
cs-def\pdftex.def"
File: pdftex.def 2018/01/08 v1.0l Graphics/color driver for pdftex
))
\Gin@req@height=\dimen121
\Gin@req@width=\dimen122
)
("C:\Users\Jan-Eric Sulzbach\AppData\Local\Programs\MiKTeX 2.9\tex\latex\tools\
verbatim.sty"
Package: verbatim 2014/10/28 v1.5q LaTeX2e package for verbatim enhancements
\every@verbatim=\toks28
\verbatim@line=\toks29
\verbatim@in@stream=\read1
)
("C:\Users\Jan-Eric Sulzbach\AppData\Local\Programs\MiKTeX 2.9\tex\latex\fancyh
dr\fancyhdr.sty"
Package: fancyhdr 2017/06/30 v3.9a Extensive control of page headers and footer
s
\f@nch@headwidth=\skip53
\f@nch@O@elh=\skip54
\f@nch@O@erh=\skip55
\f@nch@O@olh=\skip56
\f@nch@O@orh=\skip57
\f@nch@O@elf=\skip58
\f@nch@O@erf=\skip59
\f@nch@O@olf=\skip60
\f@nch@O@orf=\skip61
)
("C:\Users\Jan-Eric Sulzbach\AppData\Local\Programs\MiKTeX 2.9\tex\latex\subfig
ure\subfigure.sty"
Package: subfigure 2002/07/30 v2.1.4 subfigure package
\subfigtopskip=\skip62
\subfigcapskip=\skip63
\subfigcaptopadj=\dimen123
\subfigbottomskip=\skip64
\subfigcapmargin=\dimen124
\subfiglabelskip=\skip65
\c@subfigure=\count105
\c@lofdepth=\count106
\c@subtable=\count107
\c@lotdepth=\count108

****************************************
* Local config file subfigure.cfg used *
****************************************

("C:\Users\Jan-Eric Sulzbach\AppData\Local\Programs\MiKTeX 2.9\tex\latex\subfig
ure\subfigure.cfg")
\subfig@top=\skip66
\subfig@bottom=\skip67
)
("C:\Users\Jan-Eric Sulzbach\AppData\Local\Programs\MiKTeX 2.9\tex\latex\float\
float.sty"
Package: float 2001/11/08 v1.3d Float enhancements (AL)
\c@float@type=\count109
\float@exts=\toks30
\float@box=\box28
\@float@everytoks=\toks31
\@floatcapt=\box29
)
("C:\Users\Jan-Eric Sulzbach\AppData\Local\Programs\MiKTeX 2.9\tex\latex\listin
gs\listings.sty"
\lst@mode=\count110
\lst@gtempboxa=\box30
\lst@token=\toks32
\lst@length=\count111
\lst@currlwidth=\dimen125
\lst@column=\count112
\lst@pos=\count113
\lst@lostspace=\dimen126
\lst@width=\dimen127
\lst@newlines=\count114
\lst@lineno=\count115
\lst@maxwidth=\dimen128

("C:\Users\Jan-Eric Sulzbach\AppData\Local\Programs\MiKTeX 2.9\tex\latex\listin
gs\lstmisc.sty"
File: lstmisc.sty 2018/09/02 1.7 (Carsten Heinz)
\c@lstnumber=\count116
\lst@skipnumbers=\count117
\lst@framebox=\box31
)
("C:\Users\Jan-Eric Sulzbach\AppData\Local\Programs\MiKTeX 2.9\tex\latex\listin
gs\listings.cfg"
File: listings.cfg 2018/09/02 1.7 listings configuration
))
Package: listings 2018/09/02 1.7 (Carsten Heinz)

("C:\Users\Jan-Eric Sulzbach\AppData\Local\Programs\MiKTeX 2.9\tex\latex\algori
thms\algorithm.sty"
Package: algorithm 2009/08/24 v0.1 Document Style `algorithm' - floating enviro
nment

("C:\Users\Jan-Eric Sulzbach\AppData\Local\Programs\MiKTeX 2.9\tex\latex\base\i
fthen.sty"
Package: ifthen 2014/09/29 v1.1c Standard LaTeX ifthen package (DPC)
)
\@float@every@algorithm=\toks33
\c@algorithm=\count118
)
("C:\Users\Jan-Eric Sulzbach\AppData\Local\Programs\MiKTeX 2.9\tex\latex\algori
thmicx\algpseudocode.sty"
Package: algpseudocode 

("C:\Users\Jan-Eric Sulzbach\AppData\Local\Programs\MiKTeX 2.9\tex\latex\algori
thmicx\algorithmicx.sty"
Package: algorithmicx 2005/04/27 v1.2 Algorithmicx

Document Style algorithmicx 1.2 - a greatly improved `algorithmic' style
\c@ALG@line=\count119
\c@ALG@rem=\count120
\c@ALG@nested=\count121
\ALG@tlm=\skip68
\ALG@thistlm=\skip69
\c@ALG@Lnr=\count122
\c@ALG@blocknr=\count123
\c@ALG@storecount=\count124
\c@ALG@tmpcounter=\count125
\ALG@tmplength=\skip70
)
Document Style - pseudocode environments for use with the `algorithmicx' style
)
("C:\Users\Jan-Eric Sulzbach\AppData\Local\Programs\MiKTeX 2.9\tex\latex\geomet
ry\geometry.sty"
Package: geometry 2018/04/16 v5.8 Page Geometry

("C:\Users\Jan-Eric Sulzbach\AppData\Local\Programs\MiKTeX 2.9\tex\generic\ober
diek\ifpdf.sty"
Package: ifpdf 2018/09/07 v3.3 Provides the ifpdf switch
)
("C:\Users\Jan-Eric Sulzbach\AppData\Local\Programs\MiKTeX 2.9\tex\generic\ober
diek\ifvtex.sty"
Package: ifvtex 2016/05/16 v1.6 Detect VTeX and its facilities (HO)
Package ifvtex Info: VTeX not detected.
)
("C:\Users\Jan-Eric Sulzbach\AppData\Local\Programs\MiKTeX 2.9\tex\generic\ifxe
tex\ifxetex.sty"
Package: ifxetex 2010/09/12 v0.6 Provides ifxetex conditional
)
\Gm@cnth=\count126
\Gm@cntv=\count127
\c@Gm@tempcnt=\count128
\Gm@bindingoffset=\dimen129
\Gm@wd@mp=\dimen130
\Gm@odd@mp=\dimen131
\Gm@even@mp=\dimen132
\Gm@layoutwidth=\dimen133
\Gm@layoutheight=\dimen134
\Gm@layouthoffset=\dimen135
\Gm@layoutvoffset=\dimen136
\Gm@dimlist=\toks34

("C:\Users\Jan-Eric Sulzbach\AppData\Local\Programs\MiKTeX 2.9\tex\latex\geomet
ry\geometry.cfg"))
("C:\Users\Jan-Eric Sulzbach\AppData\Local\Programs\MiKTeX 2.9\tex\latex\pgf\fr
ontendlayer\tikz.sty"
("C:\Users\Jan-Eric Sulzbach\AppData\Local\Programs\MiKTeX 2.9\tex\latex\pgf\ba
siclayer\pgf.sty"
("C:\Users\Jan-Eric Sulzbach\AppData\Local\Programs\MiKTeX 2.9\tex\latex\pgf\ut
ilities\pgfrcs.sty"
("C:\Users\Jan-Eric Sulzbach\AppData\Local\Programs\MiKTeX 2.9\tex\generic\pgf\
utilities\pgfutil-common.tex"
\pgfutil@everybye=\toks35
\pgfutil@tempdima=\dimen137
\pgfutil@tempdimb=\dimen138

("C:\Users\Jan-Eric Sulzbach\AppData\Local\Programs\MiKTeX 2.9\tex\generic\pgf\
utilities\pgfutil-common-lists.tex"))
("C:\Users\Jan-Eric Sulzbach\AppData\Local\Programs\MiKTeX 2.9\tex\generic\pgf\
utilities\pgfutil-latex.def"
\pgfutil@abb=\box32

("C:\Users\Jan-Eric Sulzbach\AppData\Local\Programs\MiKTeX 2.9\tex\latex\ms\eve
ryshi.sty"
Package: everyshi 2001/05/15 v3.00 EveryShipout Package (MS)
))
("C:\Users\Jan-Eric Sulzbach\AppData\Local\Programs\MiKTeX 2.9\tex\generic\pgf\
utilities\pgfrcs.code.tex"
Package: pgfrcs 2015/08/07 v3.0.1a (rcs-revision 1.31)
))
Package: pgf 2015/08/07 v3.0.1a (rcs-revision 1.15)

("C:\Users\Jan-Eric Sulzbach\AppData\Local\Programs\MiKTeX 2.9\tex\latex\pgf\ba
siclayer\pgfcore.sty"
("C:\Users\Jan-Eric Sulzbach\AppData\Local\Programs\MiKTeX 2.9\tex\latex\pgf\sy
stemlayer\pgfsys.sty"
("C:\Users\Jan-Eric Sulzbach\AppData\Local\Programs\MiKTeX 2.9\tex\generic\pgf\
systemlayer\pgfsys.code.tex"
Package: pgfsys 2014/07/09 v3.0.1a (rcs-revision 1.48)

("C:\Users\Jan-Eric Sulzbach\AppData\Local\Programs\MiKTeX 2.9\tex\generic\pgf\
utilities\pgfkeys.code.tex"
\pgfkeys@pathtoks=\toks36
\pgfkeys@temptoks=\toks37

("C:\Users\Jan-Eric Sulzbach\AppData\Local\Programs\MiKTeX 2.9\tex\generic\pgf\
utilities\pgfkeysfiltered.code.tex"
\pgfkeys@tmptoks=\toks38
))
\pgf@x=\dimen139
\pgf@y=\dimen140
\pgf@xa=\dimen141
\pgf@ya=\dimen142
\pgf@xb=\dimen143
\pgf@yb=\dimen144
\pgf@xc=\dimen145
\pgf@yc=\dimen146
\w@pgf@writea=\write3
\r@pgf@reada=\read2
\c@pgf@counta=\count129
\c@pgf@countb=\count130
\c@pgf@countc=\count131
\c@pgf@countd=\count132
\t@pgf@toka=\toks39
\t@pgf@tokb=\toks40
\t@pgf@tokc=\toks41

("C:\Users\Jan-Eric Sulzbach\AppData\Local\Programs\MiKTeX 2.9\tex\generic\pgf\
systemlayer\pgf.cfg"
File: pgf.cfg 2008/05/14  (rcs-revision 1.7)
)
Driver file for pgf: pgfsys-pdftex.def

("C:\Users\Jan-Eric Sulzbach\AppData\Local\Programs\MiKTeX 2.9\tex\generic\pgf\
systemlayer\pgfsys-pdftex.def"
File: pgfsys-pdftex.def 2014/10/11  (rcs-revision 1.35)

("C:\Users\Jan-Eric Sulzbach\AppData\Local\Programs\MiKTeX 2.9\tex\generic\pgf\
systemlayer\pgfsys-common-pdf.def"
File: pgfsys-common-pdf.def 2013/10/10  (rcs-revision 1.13)
)))
("C:\Users\Jan-Eric Sulzbach\AppData\Local\Programs\MiKTeX 2.9\tex\generic\pgf\
systemlayer\pgfsyssoftpath.code.tex"
File: pgfsyssoftpath.code.tex 2013/09/09  (rcs-revision 1.9)
\pgfsyssoftpath@smallbuffer@items=\count133
\pgfsyssoftpath@bigbuffer@items=\count134
)
("C:\Users\Jan-Eric Sulzbach\AppData\Local\Programs\MiKTeX 2.9\tex\generic\pgf\
systemlayer\pgfsysprotocol.code.tex"
File: pgfsysprotocol.code.tex 2006/10/16  (rcs-revision 1.4)
))
("C:\Users\Jan-Eric Sulzbach\AppData\Local\Programs\MiKTeX 2.9\tex\latex\xcolor
\xcolor.sty"
Package: xcolor 2016/05/11 v2.12 LaTeX color extensions (UK)

("C:\Users\Jan-Eric Sulzbach\AppData\Local\Programs\MiKTeX 2.9\tex\latex\graphi
cs-cfg\color.cfg"
File: color.cfg 2016/01/02 v1.6 sample color configuration
)
Package xcolor Info: Driver file: pdftex.def on input line 225.
Package xcolor Info: Model `cmy' substituted by `cmy0' on input line 1348.
Package xcolor Info: Model `hsb' substituted by `rgb' on input line 1352.
Package xcolor Info: Model `RGB' extended on input line 1364.
Package xcolor Info: Model `HTML' substituted by `rgb' on input line 1366.
Package xcolor Info: Model `Hsb' substituted by `hsb' on input line 1367.
Package xcolor Info: Model `tHsb' substituted by `hsb' on input line 1368.
Package xcolor Info: Model `HSB' substituted by `hsb' on input line 1369.
Package xcolor Info: Model `Gray' substituted by `gray' on input line 1370.
Package xcolor Info: Model `wave' substituted by `hsb' on input line 1371.
)
("C:\Users\Jan-Eric Sulzbach\AppData\Local\Programs\MiKTeX 2.9\tex\generic\pgf\
basiclayer\pgfcore.code.tex"
Package: pgfcore 2010/04/11 v3.0.1a (rcs-revision 1.7)

("C:\Users\Jan-Eric Sulzbach\AppData\Local\Programs\MiKTeX 2.9\tex\generic\pgf\
math\pgfmath.code.tex"
("C:\Users\Jan-Eric Sulzbach\AppData\Local\Programs\MiKTeX 2.9\tex\generic\pgf\
math\pgfmathcalc.code.tex"
("C:\Users\Jan-Eric Sulzbach\AppData\Local\Programs\MiKTeX 2.9\tex\generic\pgf\
math\pgfmathutil.code.tex")
("C:\Users\Jan-Eric Sulzbach\AppData\Local\Programs\MiKTeX 2.9\tex\generic\pgf\
math\pgfmathparser.code.tex"
\pgfmath@dimen=\dimen147
\pgfmath@count=\count135
\pgfmath@box=\box33
\pgfmath@toks=\toks42
\pgfmath@stack@operand=\toks43
\pgfmath@stack@operation=\toks44
)
("C:\Users\Jan-Eric Sulzbach\AppData\Local\Programs\MiKTeX 2.9\tex\generic\pgf\
math\pgfmathfunctions.code.tex"
("C:\Users\Jan-Eric Sulzbach\AppData\Local\Programs\MiKTeX 2.9\tex\generic\pgf\
math\pgfmathfunctions.basic.code.tex")
("C:\Users\Jan-Eric Sulzbach\AppData\Local\Programs\MiKTeX 2.9\tex\generic\pgf\
math\pgfmathfunctions.trigonometric.code.tex")
("C:\Users\Jan-Eric Sulzbach\AppData\Local\Programs\MiKTeX 2.9\tex\generic\pgf\
math\pgfmathfunctions.random.code.tex")
("C:\Users\Jan-Eric Sulzbach\AppData\Local\Programs\MiKTeX 2.9\tex\generic\pgf\
math\pgfmathfunctions.comparison.code.tex")
("C:\Users\Jan-Eric Sulzbach\AppData\Local\Programs\MiKTeX 2.9\tex\generic\pgf\
math\pgfmathfunctions.base.code.tex")
("C:\Users\Jan-Eric Sulzbach\AppData\Local\Programs\MiKTeX 2.9\tex\generic\pgf\
math\pgfmathfunctions.round.code.tex")
("C:\Users\Jan-Eric Sulzbach\AppData\Local\Programs\MiKTeX 2.9\tex\generic\pgf\
math\pgfmathfunctions.misc.code.tex")
("C:\Users\Jan-Eric Sulzbach\AppData\Local\Programs\MiKTeX 2.9\tex\generic\pgf\
math\pgfmathfunctions.integerarithmetics.code.tex")))
("C:\Users\Jan-Eric Sulzbach\AppData\Local\Programs\MiKTeX 2.9\tex\generic\pgf\
math\pgfmathfloat.code.tex"
\c@pgfmathroundto@lastzeros=\count136
))
("C:\Users\Jan-Eric Sulzbach\AppData\Local\Programs\MiKTeX 2.9\tex\generic\pgf\
basiclayer\pgfcorepoints.code.tex"
File: pgfcorepoints.code.tex 2013/10/07  (rcs-revision 1.27)
\pgf@picminx=\dimen148
\pgf@picmaxx=\dimen149
\pgf@picminy=\dimen150
\pgf@picmaxy=\dimen151
\pgf@pathminx=\dimen152
\pgf@pathmaxx=\dimen153
\pgf@pathminy=\dimen154
\pgf@pathmaxy=\dimen155
\pgf@xx=\dimen156
\pgf@xy=\dimen157
\pgf@yx=\dimen158
\pgf@yy=\dimen159
\pgf@zx=\dimen160
\pgf@zy=\dimen161
)
("C:\Users\Jan-Eric Sulzbach\AppData\Local\Programs\MiKTeX 2.9\tex\generic\pgf\
basiclayer\pgfcorepathconstruct.code.tex"
File: pgfcorepathconstruct.code.tex 2013/10/07  (rcs-revision 1.29)
\pgf@path@lastx=\dimen162
\pgf@path@lasty=\dimen163
)
("C:\Users\Jan-Eric Sulzbach\AppData\Local\Programs\MiKTeX 2.9\tex\generic\pgf\
basiclayer\pgfcorepathusage.code.tex"
File: pgfcorepathusage.code.tex 2014/11/02  (rcs-revision 1.24)
\pgf@shorten@end@additional=\dimen164
\pgf@shorten@start@additional=\dimen165
)
("C:\Users\Jan-Eric Sulzbach\AppData\Local\Programs\MiKTeX 2.9\tex\generic\pgf\
basiclayer\pgfcorescopes.code.tex"
File: pgfcorescopes.code.tex 2015/05/08  (rcs-revision 1.46)
\pgfpic=\box34
\pgf@hbox=\box35
\pgf@layerbox@main=\box36
\pgf@picture@serial@count=\count137
)
("C:\Users\Jan-Eric Sulzbach\AppData\Local\Programs\MiKTeX 2.9\tex\generic\pgf\
basiclayer\pgfcoregraphicstate.code.tex"
File: pgfcoregraphicstate.code.tex 2014/11/02  (rcs-revision 1.12)
\pgflinewidth=\dimen166
)
("C:\Users\Jan-Eric Sulzbach\AppData\Local\Programs\MiKTeX 2.9\tex\generic\pgf\
basiclayer\pgfcoretransformations.code.tex"
File: pgfcoretransformations.code.tex 2015/08/07  (rcs-revision 1.20)
\pgf@pt@x=\dimen167
\pgf@pt@y=\dimen168
\pgf@pt@temp=\dimen169
)
("C:\Users\Jan-Eric Sulzbach\AppData\Local\Programs\MiKTeX 2.9\tex\generic\pgf\
basiclayer\pgfcorequick.code.tex"
File: pgfcorequick.code.tex 2008/10/09  (rcs-revision 1.3)
)
("C:\Users\Jan-Eric Sulzbach\AppData\Local\Programs\MiKTeX 2.9\tex\generic\pgf\
basiclayer\pgfcoreobjects.code.tex"
File: pgfcoreobjects.code.tex 2006/10/11  (rcs-revision 1.2)
)
("C:\Users\Jan-Eric Sulzbach\AppData\Local\Programs\MiKTeX 2.9\tex\generic\pgf\
basiclayer\pgfcorepathprocessing.code.tex"
File: pgfcorepathprocessing.code.tex 2013/09/09  (rcs-revision 1.9)
)
("C:\Users\Jan-Eric Sulzbach\AppData\Local\Programs\MiKTeX 2.9\tex\generic\pgf\
basiclayer\pgfcorearrows.code.tex"
File: pgfcorearrows.code.tex 2015/05/14  (rcs-revision 1.43)
\pgfarrowsep=\dimen170
)
("C:\Users\Jan-Eric Sulzbach\AppData\Local\Programs\MiKTeX 2.9\tex\generic\pgf\
basiclayer\pgfcoreshade.code.tex"
File: pgfcoreshade.code.tex 2013/07/15  (rcs-revision 1.15)
\pgf@max=\dimen171
\pgf@sys@shading@range@num=\count138
)
("C:\Users\Jan-Eric Sulzbach\AppData\Local\Programs\MiKTeX 2.9\tex\generic\pgf\
basiclayer\pgfcoreimage.code.tex"
File: pgfcoreimage.code.tex 2013/07/15  (rcs-revision 1.18)

("C:\Users\Jan-Eric Sulzbach\AppData\Local\Programs\MiKTeX 2.9\tex\generic\pgf\
basiclayer\pgfcoreexternal.code.tex"
File: pgfcoreexternal.code.tex 2014/07/09  (rcs-revision 1.21)
\pgfexternal@startupbox=\box37
))
("C:\Users\Jan-Eric Sulzbach\AppData\Local\Programs\MiKTeX 2.9\tex\generic\pgf\
basiclayer\pgfcorelayers.code.tex"
File: pgfcorelayers.code.tex 2013/07/18  (rcs-revision 1.7)
)
("C:\Users\Jan-Eric Sulzbach\AppData\Local\Programs\MiKTeX 2.9\tex\generic\pgf\
basiclayer\pgfcoretransparency.code.tex"
File: pgfcoretransparency.code.tex 2013/09/30  (rcs-revision 1.5)
)
("C:\Users\Jan-Eric Sulzbach\AppData\Local\Programs\MiKTeX 2.9\tex\generic\pgf\
basiclayer\pgfcorepatterns.code.tex"
File: pgfcorepatterns.code.tex 2013/11/07  (rcs-revision 1.5)
)))
("C:\Users\Jan-Eric Sulzbach\AppData\Local\Programs\MiKTeX 2.9\tex\generic\pgf\
modules\pgfmoduleshapes.code.tex"
File: pgfmoduleshapes.code.tex 2014/03/21  (rcs-revision 1.35)
\pgfnodeparttextbox=\box38
)
("C:\Users\Jan-Eric Sulzbach\AppData\Local\Programs\MiKTeX 2.9\tex\generic\pgf\
modules\pgfmoduleplot.code.tex"
File: pgfmoduleplot.code.tex 2015/08/03  (rcs-revision 1.13)
)
("C:\Users\Jan-Eric Sulzbach\AppData\Local\Programs\MiKTeX 2.9\tex\latex\pgf\co
mpatibility\pgfcomp-version-0-65.sty"
Package: pgfcomp-version-0-65 2007/07/03 v3.0.1a (rcs-revision 1.7)
\pgf@nodesepstart=\dimen172
\pgf@nodesepend=\dimen173
)
("C:\Users\Jan-Eric Sulzbach\AppData\Local\Programs\MiKTeX 2.9\tex\latex\pgf\co
mpatibility\pgfcomp-version-1-18.sty"
Package: pgfcomp-version-1-18 2007/07/23 v3.0.1a (rcs-revision 1.1)
))
("C:\Users\Jan-Eric Sulzbach\AppData\Local\Programs\MiKTeX 2.9\tex\latex\pgf\ut
ilities\pgffor.sty"
("C:\Users\Jan-Eric Sulzbach\AppData\Local\Programs\MiKTeX 2.9\tex\latex\pgf\ut
ilities\pgfkeys.sty"
("C:\Users\Jan-Eric Sulzbach\AppData\Local\Programs\MiKTeX 2.9\tex\generic\pgf\
utilities\pgfkeys.code.tex"))
("C:\Users\Jan-Eric Sulzbach\AppData\Local\Programs\MiKTeX 2.9\tex\latex\pgf\ma
th\pgfmath.sty"
("C:\Users\Jan-Eric Sulzbach\AppData\Local\Programs\MiKTeX 2.9\tex\generic\pgf\
math\pgfmath.code.tex"))
("C:\Users\Jan-Eric Sulzbach\AppData\Local\Programs\MiKTeX 2.9\tex\generic\pgf\
utilities\pgffor.code.tex"
Package: pgffor 2013/12/13 v3.0.1a (rcs-revision 1.25)

("C:\Users\Jan-Eric Sulzbach\AppData\Local\Programs\MiKTeX 2.9\tex\generic\pgf\
math\pgfmath.code.tex")
\pgffor@iter=\dimen174
\pgffor@skip=\dimen175
\pgffor@stack=\toks45
\pgffor@toks=\toks46
))
("C:\Users\Jan-Eric Sulzbach\AppData\Local\Programs\MiKTeX 2.9\tex\generic\pgf\
frontendlayer\tikz\tikz.code.tex"
Package: tikz 2015/08/07 v3.0.1a (rcs-revision 1.151)

("C:\Users\Jan-Eric Sulzbach\AppData\Local\Programs\MiKTeX 2.9\tex\generic\pgf\
libraries\pgflibraryplothandlers.code.tex"
File: pgflibraryplothandlers.code.tex 2013/08/31 v3.0.1a (rcs-revision 1.20)
\pgf@plot@mark@count=\count139
\pgfplotmarksize=\dimen176
)
\tikz@lastx=\dimen177
\tikz@lasty=\dimen178
\tikz@lastxsaved=\dimen179
\tikz@lastysaved=\dimen180
\tikzleveldistance=\dimen181
\tikzsiblingdistance=\dimen182
\tikz@figbox=\box39
\tikz@figbox@bg=\box40
\tikz@tempbox=\box41
\tikz@tempbox@bg=\box42
\tikztreelevel=\count140
\tikznumberofchildren=\count141
\tikznumberofcurrentchild=\count142
\tikz@fig@count=\count143

("C:\Users\Jan-Eric Sulzbach\AppData\Local\Programs\MiKTeX 2.9\tex\generic\pgf\
modules\pgfmodulematrix.code.tex"
File: pgfmodulematrix.code.tex 2013/09/17  (rcs-revision 1.8)
\pgfmatrixcurrentrow=\count144
\pgfmatrixcurrentcolumn=\count145
\pgf@matrix@numberofcolumns=\count146
)
\tikz@expandcount=\count147

("C:\Users\Jan-Eric Sulzbach\AppData\Local\Programs\MiKTeX 2.9\tex\generic\pgf\
frontendlayer\tikz\libraries\tikzlibrarytopaths.code.tex"
File: tikzlibrarytopaths.code.tex 2008/06/17 v3.0.1a (rcs-revision 1.2)
)))
("C:\Users\Jan-Eric Sulzbach\AppData\Local\Programs\MiKTeX 2.9\tex\generic\pgf\
frontendlayer\tikz\libraries\tikzlibrarymatrix.code.tex"
File: tikzlibrarymatrix.code.tex 2013/07/12 v3.0.1a (rcs-revision 1.4)
)
("C:\Users\Jan-Eric Sulzbach\AppData\Local\Programs\MiKTeX 2.9\tex\latex\tikz-q
tree\tikz-qtree.sty"
("C:\Users\Jan-Eric Sulzbach\AppData\Local\Programs\MiKTeX 2.9\tex\latex\tikz-q
tree\pgftree.sty"
("C:\Users\Jan-Eric Sulzbach\AppData\Local\Programs\MiKTeX 2.9\tex\latex\tikz-q
tree\pgfsubpic.sty"
("C:\Users\Jan-Eric Sulzbach\AppData\Local\Programs\MiKTeX 2.9\tex\generic\tikz
-qtree\pgfsubpic.tex"
\pgf@subpicminx=\dimen183
\pgf@subpicminy=\dimen184
\pgf@subpicmaxx=\dimen185
\pgf@subpicmaxy=\dimen186
))
("C:\Users\Jan-Eric Sulzbach\AppData\Local\Programs\MiKTeX 2.9\tex\generic\tikz
-qtree\pgftree.tex"
\levelsep=\dimen187
\subtreesep=\dimen188
\smuggle@levelsep=\dimen189
\smuggle@subtreesep=\dimen190
\this@levelsep=\dimen191
\this@subtreesep=\dimen192
\pgftree@childx=\dimen193
\pgftree@savechildx=\dimen194
\pgftree@childy=\dimen195
\pgftree@savechildy=\dimen196
\pgftree@childi=\count148
\pgftree@savechildi=\count149
\pgftree@level=\count150
\pgftree@depth=\dimen197
\pgf@subpic@hbox@children=\box43
\pgf@subpic@minx@children=\dimen198
\pgf@subpic@miny@children=\dimen199
\pgf@subpic@maxx@children=\dimen256
\pgf@subpic@maxy@children=\dimen257
\pgftree@lastchildx=\dimen258
\pgftree@lastchildy=\dimen259
))
("C:\Users\Jan-Eric Sulzbach\AppData\Local\Programs\MiKTeX 2.9\tex\generic\tikz
-qtree\tikz-qtree.tex"
\@result=\toks47
\child@list=\toks48
\root@node=\toks49
))
\c@pic=\count151
\c@lem=\count152
\c@thm=\count153
\c@cor=\count154
\c@ex=\count155
\c@defn=\count156
\c@prob=\count157
\c@rem=\count158
\tindent=\skip71
 (tridiagonal-case.aux)
\openout1 = `tridiagonal-case.aux'.

LaTeX Font Info:    Checking defaults for OML/cmm/m/it on input line 101.
LaTeX Font Info:    ... okay on input line 101.
LaTeX Font Info:    Checking defaults for T1/cmr/m/n on input line 101.
LaTeX Font Info:    ... okay on input line 101.
LaTeX Font Info:    Checking defaults for OT1/cmr/m/n on input line 101.
LaTeX Font Info:    ... okay on input line 101.
LaTeX Font Info:    Checking defaults for OMS/cmsy/m/n on input line 101.
LaTeX Font Info:    ... okay on input line 101.
LaTeX Font Info:    Checking defaults for OMX/cmex/m/n on input line 101.
LaTeX Font Info:    ... okay on input line 101.
LaTeX Font Info:    Checking defaults for U/cmr/m/n on input line 101.
LaTeX Font Info:    ... okay on input line 101.

("C:\Users\Jan-Eric Sulzbach\AppData\Local\Programs\MiKTeX 2.9\tex\context\base
\supp-pdf.mkii"
[Loading MPS to PDF converter (version 2006.09.02).]
\scratchcounter=\count159
\scratchdimen=\dimen260
\scratchbox=\box44
\nofMPsegments=\count160
\nofMParguments=\count161
\everyMPshowfont=\toks50
\MPscratchCnt=\count162
\MPscratchDim=\dimen261
\MPnumerator=\count163
\makeMPintoPDFobject=\count164
\everyMPtoPDFconversion=\toks51
)
("C:\Users\Jan-Eric Sulzbach\AppData\Local\Programs\MiKTeX 2.9\tex\latex\oberdi
ek\epstopdf-base.sty"
Package: epstopdf-base 2016/05/15 v2.6 Base part for package epstopdf

("C:\Users\Jan-Eric Sulzbach\AppData\Local\Programs\MiKTeX 2.9\tex\generic\ober
diek\infwarerr.sty"
Package: infwarerr 2016/05/16 v1.4 Providing info/warning/error messages (HO)
)
("C:\Users\Jan-Eric Sulzbach\AppData\Local\Programs\MiKTeX 2.9\tex\latex\oberdi
ek\grfext.sty"
Package: grfext 2016/05/16 v1.2 Manage graphics extensions (HO)

("C:\Users\Jan-Eric Sulzbach\AppData\Local\Programs\MiKTeX 2.9\tex\generic\ober
diek\kvdefinekeys.sty"
Package: kvdefinekeys 2016/05/16 v1.4 Define keys (HO)

("C:\Users\Jan-Eric Sulzbach\AppData\Local\Programs\MiKTeX 2.9\tex\generic\ober
diek\ltxcmds.sty"
Package: ltxcmds 2016/05/16 v1.23 LaTeX kernel commands for general use (HO)
)))
("C:\Users\Jan-Eric Sulzbach\AppData\Local\Programs\MiKTeX 2.9\tex\latex\oberdi
ek\kvoptions.sty"
Package: kvoptions 2016/05/16 v3.12 Key value format for package options (HO)

("C:\Users\Jan-Eric Sulzbach\AppData\Local\Programs\MiKTeX 2.9\tex\generic\ober
diek\kvsetkeys.sty"
Package: kvsetkeys 2016/05/16 v1.17 Key value parser (HO)

("C:\Users\Jan-Eric Sulzbach\AppData\Local\Programs\MiKTeX 2.9\tex\generic\ober
diek\etexcmds.sty"
Package: etexcmds 2016/05/16 v1.6 Avoid name clashes with e-TeX commands (HO)

("C:\Users\Jan-Eric Sulzbach\AppData\Local\Programs\MiKTeX 2.9\tex\generic\ober
diek\ifluatex.sty"
Package: ifluatex 2016/05/16 v1.4 Provides the ifluatex switch (HO)
Package ifluatex Info: LuaTeX not detected.
)
Package etexcmds Info: Could not find \expanded.
(etexcmds)             That can mean that you are not using pdfTeX 1.50 or
(etexcmds)             that some package has redefined \expanded.
(etexcmds)             In the latter case, load this package earlier.
)))
("C:\Users\Jan-Eric Sulzbach\AppData\Local\Programs\MiKTeX 2.9\tex\generic\ober
diek\pdftexcmds.sty"
Package: pdftexcmds 2018/09/10 v0.29 Utility functions of pdfTeX for LuaTeX (HO
)
Package pdftexcmds Info: LuaTeX not detected.
Package pdftexcmds Info: \pdf@primitive is available.
Package pdftexcmds Info: \pdf@ifprimitive is available.
Package pdftexcmds Info: \pdfdraftmode found.
)
Package epstopdf-base Info: Redefining graphics rule for `.eps' on input line 4
38.
Package grfext Info: Graphics extension search list:
(grfext)             [.pdf,.png,.jpg,.mps,.jpeg,.jbig2,.jb2,.PDF,.PNG,.JPG,.JPE
G,.JBIG2,.JB2,.eps]
(grfext)             \AppendGraphicsExtensions on input line 456.
)
\c@lstlisting=\count165

*geometry* driver: auto-detecting
*geometry* detected driver: pdftex
*geometry* verbose mode - [ preamble ] result:
* driver: pdftex
* paper: <default>
* layout: <same size as paper>
* layoutoffset:(h,v)=(0.0pt,0.0pt)
* modes: 
* h-part:(L,W,R)=(92.14519pt, 430.00462pt, 92.14519pt)
* v-part:(T,H,B)=(95.39737pt, 556.47656pt, 143.09605pt)
* \paperwidth=614.295pt
* \paperheight=794.96999pt
* \textwidth=430.00462pt
* \textheight=556.47656pt
* \oddsidemargin=19.8752pt
* \evensidemargin=19.8752pt
* \topmargin=-13.87262pt
* \headheight=12.0pt
* \headsep=25.0pt
* \topskip=10.0pt
* \footskip=30.0pt
* \marginparwidth=65.0pt
* \marginparsep=11.0pt
* \columnsep=10.0pt
* \skip\footins=9.0pt plus 4.0pt minus 2.0pt
* \hoffset=0.0pt
* \voffset=0.0pt
* \mag=1000
* \@twocolumnfalse
* \@twosidefalse
* \@mparswitchfalse
* \@reversemarginfalse
* (1in=72.27pt=25.4mm, 1cm=28.453pt)

ABD: EveryShipout initializing macros
LaTeX Font Info:    Try loading font information for U+msa on input line 109.

("C:\Users\Jan-Eric Sulzbach\AppData\Local\Programs\MiKTeX 2.9\tex\latex\amsfon
ts\umsa.fd"
File: umsa.fd 2013/01/14 v3.01 AMS symbols A
)
LaTeX Font Info:    Try loading font information for U+msb on input line 109.

("C:\Users\Jan-Eric Sulzbach\AppData\Local\Programs\MiKTeX 2.9\tex\latex\amsfon
ts\umsb.fd"
File: umsb.fd 2013/01/14 v3.01 AMS symbols B
) [1

{C:/Users/Jan-Eric Sulzbach/AppData/Local/MiKTeX/2.9/pdftex/config/pdftex.map}]
 (tridiagonal-case.toc)
\tf@toc=\write4
\openout4 = `tridiagonal-case.toc'.

 [1

]
<example1.jpg, id=23, 702.625pt x 526.96875pt>
File: example1.jpg Graphic file (type jpg)
<use example1.jpg>
Package pdftex.def Info: example1.jpg  used on input line 208.
(pdftex.def)             Requested size: 210.78912pt x 158.09184pt.
 [2]
<example2.jpg, id=28, 702.625pt x 526.96875pt>
File: example2.jpg Graphic file (type jpg)
<use example2.jpg>
Package pdftex.def Info: example2.jpg  used on input line 221.
(pdftex.def)             Requested size: 210.70462pt x 158.02751pt.
<example3.jpg, id=29, 702.625pt x 526.96875pt>
File: example3.jpg Graphic file (type jpg)
<use example3.jpg>
Package pdftex.def Info: example3.jpg  used on input line 222.
(pdftex.def)             Requested size: 210.70462pt x 158.02751pt.
 [3 <./example1.jpg>]
<example4.jpg, id=33, 702.625pt x 526.96875pt>
File: example4.jpg Graphic file (type jpg)
<use example4.jpg>
Package pdftex.def Info: example4.jpg  used on input line 229.
(pdftex.def)             Requested size: 210.70462pt x 158.02751pt.
<example5.jpg, id=34, 702.625pt x 526.96875pt>
File: example5.jpg Graphic file (type jpg)
<use example5.jpg>
Package pdftex.def Info: example5.jpg  used on input line 230.
(pdftex.def)             Requested size: 210.70462pt x 158.02751pt.
 [4 <./example2.jpg> <./example3.jpg> <./example4.jpg> <./example5.jpg>]
(tridiagonal-case.aux) ) 
Here is how much of TeX's memory you used:
 15878 strings out of 492970
 305839 string characters out of 3121264
 356167 words of memory out of 3000000
 19415 multiletter control sequences out of 15000+200000
 12148 words of font info for 47 fonts, out of 3000000 for 9000
 1141 hyphenation exceptions out of 8191
 55i,9n,54p,434b,262s stack positions out of 5000i,500n,10000p,200000b,50000s
<C:/Users/Jan-Eric Sulzbach/AppData/Local/Programs/MiKT
eX 2.9/fonts/type1/public/amsfonts/cm/cmbx10.pfb><C:/Users/Jan-Eric Sulzbach/Ap
pData/Local/Programs/MiKTeX 2.9/fonts/type1/public/amsfonts/cm/cmbx12.pfb><C:/U
sers/Jan-Eric Sulzbach/AppData/Local/Programs/MiKTeX 2.9/fonts/type1/public/ams
fonts/cm/cmex10.pfb><C:/Users/Jan-Eric Sulzbach/AppData/Local/Programs/MiKTeX 2
.9/fonts/type1/public/amsfonts/cm/cmmi10.pfb><C:/Users/Jan-Eric Sulzbach/AppDat
a/Local/Programs/MiKTeX 2.9/fonts/type1/public/amsfonts/cm/cmmi7.pfb><C:/Users/
Jan-Eric Sulzbach/AppData/Local/Programs/MiKTeX 2.9/fonts/type1/public/amsfonts
/cm/cmr10.pfb><C:/Users/Jan-Eric Sulzbach/AppData/Local/Programs/MiKTeX 2.9/fon
ts/type1/public/amsfonts/cm/cmr12.pfb><C:/Users/Jan-Eric Sulzbach/AppData/Local
/Programs/MiKTeX 2.9/fonts/type1/public/amsfonts/cm/cmr17.pfb><C:/Users/Jan-Eri
c Sulzbach/AppData/Local/Programs/MiKTeX 2.9/fonts/type1/public/amsfonts/cm/cmr
7.pfb><C:/Users/Jan-Eric Sulzbach/AppData/Local/Programs/MiKTeX 2.9/fonts/type1
/public/amsfonts/cm/cmr8.pfb><C:/Users/Jan-Eric Sulzbach/AppData/Local/Programs
/MiKTeX 2.9/fonts/type1/public/amsfonts/cm/cmsy10.pfb><C:/Users/Jan-Eric Sulzba
ch/AppData/Local/Programs/MiKTeX 2.9/fonts/type1/public/amsfonts/cm/cmsy7.pfb><
C:/Users/Jan-Eric Sulzbach/AppData/Local/Programs/MiKTeX 2.9/fonts/type1/public
/amsfonts/cm/cmti10.pfb><C:/Users/Jan-Eric Sulzbach/AppData/Local/Programs/MiKT
eX 2.9/fonts/type1/public/amsfonts/symbols/msam10.pfb>
Output written on tridiagonal-case.pdf (5 pages, 295828 bytes).
PDF statistics:
 82 PDF objects out of 1000 (max. 8388607)
 0 named destinations out of 1000 (max. 500000)
 38 words of extra memory for PDF output out of 10000 (max. 10000000)

